TN:
SF:index.js
FN:14,Reader
FN:29,#applyOptions
FN:40,#resetPosition
FN:45,#startReader
FN:59,#notifyAndWatch
FN:60,anonymous_5
FN:65,#endStream
FN:74,#readLine
FN:89,#alreadyRead
FN:104,#batchIsFull
FN:107,anonymous_10
FN:108,anonymous_11
FN:113,#batchSaveDone
FN:131,anonymous_13
FN:138,#createStream
FN:183,#createStreamGzip
FN:188,#lineSplitter
FN:190,anonymous_17
FN:195,anonymous_18
FN:198,#resolveAncestor
FN:210,#watch
FN:222,#watchEvent
FN:232,watchStop
FN:239,#watchChange
FN:242,anonymous_24
FN:245,#watchRename
FN:257,#renameLinux
FN:272,#renameMacOS
FN:275,anonymous_28
FN:282,createReader
FNDA:16,Reader
FNDA:16,#applyOptions
FNDA:35,#resetPosition
FNDA:16,#startReader
FNDA:18,#notifyAndWatch
FNDA:11,anonymous_5
FNDA:18,#endStream
FNDA:321,#readLine
FNDA:321,#alreadyRead
FNDA:109,#batchIsFull
FNDA:5,anonymous_10
FNDA:5,anonymous_11
FNDA:16,#batchSaveDone
FNDA:12,anonymous_13
FNDA:19,#createStream
FNDA:1,#createStreamGzip
FNDA:19,#lineSplitter
FNDA:272,anonymous_17
FNDA:18,anonymous_18
FNDA:27,#resolveAncestor
FNDA:23,#watch
FNDA:10,#watchEvent
FNDA:25,watchStop
FNDA:5,#watchChange
FNDA:5,anonymous_24
FNDA:3,#watchRename
FNDA:0,#renameLinux
FNDA:3,#renameMacOS
FNDA:2,anonymous_28
FNDA:16,createReader
FNF:30
FNH:29
BRDA:1,0,0,1
BRDA:14,1,0,16
BRDA:21,2,0,0
BRDA:29,3,0,16
BRDA:32,4,0,8
BRDA:33,5,0,0
BRDA:36,6,0,0
BRDA:37,7,0,0
BRDA:40,8,0,35
BRDA:45,9,0,16
BRDA:47,10,0,12
BRDA:49,11,0,4
BRDA:53,12,0,0
BRDA:59,13,0,18
BRDA:60,14,0,11
BRDA:65,15,0,18
BRDA:67,16,0,0
BRDA:74,17,0,321
BRDA:76,18,0,212
BRDA:76,19,0,109
BRDA:77,20,0,5
BRDA:77,21,0,104
BRDA:80,22,0,37
BRDA:80,23,0,67
BRDA:89,24,0,321
BRDA:90,25,0,228
BRDA:90,26,0,212
BRDA:96,27,0,109
BRDA:97,28,0,2
BRDA:100,29,0,109
BRDA:104,30,0,109
BRDA:105,31,0,104
BRDA:105,32,0,5
BRDA:107,33,0,5
BRDA:108,34,0,5
BRDA:113,35,0,16
BRDA:119,36,0,15
BRDA:120,37,0,0
BRDA:124,38,0,15
BRDA:126,39,0,11
BRDA:126,40,0,4
BRDA:128,41,0,0
BRDA:128,42,0,4
BRDA:129,43,0,0
BRDA:129,44,0,4
BRDA:131,45,0,4
BRDA:132,46,0,12
BRDA:138,47,0,19
BRDA:144,48,0,12
BRDA:145,49,0,7
BRDA:146,50,0,0
BRDA:152,51,0,1
BRDA:153,52,0,0
BRDA:153,53,0,0
BRDA:153,54,0,0
BRDA:158,55,0,18
BRDA:162,56,0,10
BRDA:162,57,0,7
BRDA:163,58,0,5
BRDA:163,59,0,3
BRDA:164,60,0,0
BRDA:172,61,0,4
BRDA:172,62,0,2
BRDA:176,63,0,18
BRDA:183,64,0,1
BRDA:188,65,0,19
BRDA:190,66,0,37
BRDA:191,67,0,0
BRDA:193,68,0,272
BRDA:195,69,0,18
BRDA:198,70,0,27
BRDA:199,71,0,0
BRDA:201,72,0,22
BRDA:204,73,0,5
BRDA:205,74,0,0
BRDA:210,75,0,23
BRDA:211,76,0,1
BRDA:211,77,0,22
BRDA:217,78,0,0
BRDA:222,79,0,10
BRDA:224,80,0,4
BRDA:224,81,0,2
BRDA:227,82,0,8
BRDA:228,83,0,5
BRDA:228,84,0,3
BRDA:232,85,0,25
BRDA:234,86,0,13
BRDA:234,87,0,12
BRDA:239,88,0,5
BRDA:240,89,0,0
BRDA:242,90,0,5
BRDA:245,91,0,3
BRDA:249,92,0,0
BRDA:250,93,0,0
BRDA:251,94,0,0
BRDA:252,95,0,0
BRDA:272,96,0,3
BRDA:274,97,0,2
BRDA:276,98,0,1
BRDA:275,99,0,2
BRDA:282,100,0,16
BRF:101
BRH:78
DA:1,1
DA:2,1
DA:3,1
DA:4,1
DA:5,1
DA:6,1
DA:7,1
DA:8,1
DA:9,1
DA:10,1
DA:11,1
DA:12,1
DA:13,1
DA:14,1
DA:15,16
DA:16,16
DA:17,16
DA:18,16
DA:19,16
DA:20,16
DA:21,16
DA:22,16
DA:23,16
DA:24,16
DA:25,16
DA:26,16
DA:27,16
DA:28,1
DA:29,1
DA:30,16
DA:31,16
DA:32,16
DA:33,16
DA:34,16
DA:35,16
DA:36,16
DA:37,16
DA:38,16
DA:39,1
DA:40,1
DA:41,35
DA:42,35
DA:43,35
DA:44,1
DA:45,1
DA:46,16
DA:47,16
DA:48,12
DA:49,16
DA:50,4
DA:51,4
DA:52,4
DA:53,4
DA:54,0
DA:55,0
DA:56,4
DA:57,16
DA:58,1
DA:59,1
DA:60,18
DA:61,18
DA:62,18
DA:63,18
DA:64,1
DA:65,1
DA:66,18
DA:67,18
DA:68,18
DA:69,18
DA:70,18
DA:71,18
DA:72,18
DA:73,1
DA:74,1
DA:75,321
DA:76,321
DA:77,321
DA:78,104
DA:79,104
DA:80,321
DA:81,67
DA:82,67
DA:83,67
DA:84,67
DA:85,67
DA:86,67
DA:87,321
DA:88,1
DA:89,1
DA:90,321
DA:91,212
DA:92,212
DA:93,212
DA:94,212
DA:95,212
DA:96,212
DA:97,321
DA:98,2
DA:99,2
DA:100,2
DA:101,109
DA:102,321
DA:103,1
DA:104,1
DA:105,109
DA:106,5
DA:107,5
DA:108,5
DA:109,5
DA:110,5
DA:111,109
DA:112,1
DA:113,1
DA:114,16
DA:115,16
DA:116,16
DA:117,16
DA:118,16
DA:119,16
DA:120,16
DA:121,0
DA:122,0
DA:123,0
DA:124,0
DA:125,15
DA:126,16
DA:127,4
DA:128,16
DA:129,16
DA:130,4
DA:131,4
DA:132,4
DA:133,12
DA:134,12
DA:135,4
DA:136,16
DA:137,1
DA:138,1
DA:139,19
DA:140,19
DA:141,19
DA:142,19
DA:143,19
DA:144,19
DA:145,19
DA:146,7
DA:147,0
DA:148,0
DA:149,0
DA:150,7
DA:151,19
DA:152,19
DA:153,1
DA:154,0
DA:155,0
DA:156,0
DA:157,1
DA:158,1
DA:159,18
DA:160,18
DA:161,18
DA:162,19
DA:163,7
DA:164,3
DA:165,0
DA:166,0
DA:167,0
DA:168,3
DA:169,3
DA:170,3
DA:171,3
DA:172,7
DA:173,2
DA:174,2
DA:175,2
DA:176,7
DA:177,18
DA:178,18
DA:179,18
DA:180,18
DA:181,19
DA:182,1
DA:183,1
DA:184,1
DA:185,1
DA:186,1
DA:187,1
DA:188,1
DA:189,19
DA:190,19
DA:191,37
DA:192,37
DA:193,37
DA:194,19
DA:195,19
DA:196,19
DA:197,1
DA:198,1
DA:199,27
DA:200,27
DA:201,27
DA:202,22
DA:203,22
DA:204,27
DA:205,5
DA:206,0
DA:207,0
DA:208,27
DA:209,1
DA:210,1
DA:211,23
DA:212,22
DA:213,22
DA:214,22
DA:215,22
DA:216,22
DA:217,23
DA:218,0
DA:219,0
DA:220,23
DA:221,1
DA:222,1
DA:223,10
DA:224,10
DA:225,2
DA:226,2
DA:227,2
DA:228,10
DA:229,3
DA:230,10
DA:231,1
DA:232,1
DA:233,25
DA:234,25
DA:235,12
DA:236,12
DA:237,25
DA:238,1
DA:239,1
DA:240,5
DA:241,5
DA:242,5
DA:243,5
DA:244,1
DA:245,1
DA:246,3
DA:247,3
DA:248,3
DA:249,3
DA:250,3
DA:251,3
DA:252,3
DA:253,0
DA:254,3
DA:255,3
DA:256,1
DA:257,1
DA:258,0
DA:259,0
DA:260,0
DA:261,0
DA:262,0
DA:263,0
DA:264,0
DA:265,0
DA:266,0
DA:267,0
DA:268,0
DA:269,0
DA:270,0
DA:271,1
DA:272,1
DA:273,3
DA:274,3
DA:275,2
DA:276,3
DA:277,1
DA:278,1
DA:279,3
DA:280,1
DA:281,1
DA:282,1
DA:283,16
DA:284,16
DA:285,1
DA:286,1
LH:253
LF:286
end_of_record
SF:lib/bookmark.js
FN:7,Bookmark
FN:9,anonymous_1
FN:12,createDir
FN:22,save
FN:36,anonymous_4
FN:42,#atomicWrite
FN:55,read
FNDA:23,Bookmark
FNDA:1,anonymous_1
FNDA:25,createDir
FNDA:21,save
FNDA:2,anonymous_4
FNDA:23,#atomicWrite
FNDA:21,read
FNF:7
FNH:7
BRDA:1,0,0,2
BRDA:7,1,0,23
BRDA:9,2,0,1
BRDA:12,3,0,25
BRDA:14,4,0,2
BRDA:15,5,0,4
BRDA:17,6,0,2
BRDA:22,7,0,21
BRDA:32,8,0,1
BRDA:38,9,0,19
BRDA:32,10,0,18
BRDA:33,11,0,1
BRDA:37,12,0,0
BRDA:36,13,0,2
BRDA:42,14,0,23
BRDA:46,15,0,2
BRDA:51,16,0,1
BRDA:44,17,0,19
BRDA:51,18,0,19
BRDA:52,19,0,18
BRDA:55,20,0,21
BRDA:58,21,0,13
BRDA:59,22,0,13
BRDA:65,23,0,11
BRDA:59,24,0,0
BRDA:62,25,0,2
BRF:26
BRH:24
DA:1,2
DA:2,2
DA:3,2
DA:4,2
DA:5,2
DA:6,2
DA:7,2
DA:8,23
DA:9,23
DA:10,23
DA:11,2
DA:12,2
DA:13,25
DA:14,25
DA:15,25
DA:16,4
DA:17,4
DA:18,2
DA:19,2
DA:20,25
DA:21,2
DA:22,2
DA:23,21
DA:24,21
DA:25,21
DA:26,21
DA:27,21
DA:28,21
DA:29,21
DA:30,21
DA:31,21
DA:32,21
DA:33,1
DA:34,1
DA:35,1
DA:36,1
DA:37,1
DA:38,0
DA:39,19
DA:40,21
DA:41,2
DA:42,2
DA:43,23
DA:44,23
DA:45,19
DA:46,23
DA:47,2
DA:48,2
DA:49,2
DA:50,2
DA:51,2
DA:52,19
DA:53,23
DA:54,2
DA:55,2
DA:56,21
DA:57,21
DA:58,21
DA:59,21
DA:60,13
DA:61,13
DA:62,21
DA:63,2
DA:64,2
DA:65,2
DA:66,11
DA:67,11
DA:68,21
DA:69,2
DA:70,2
DA:71,2
LH:70
LF:71
end_of_record
SF:lib/line-splitter.js
FN:8,LineSplitter
FN:18,_transform
FN:31,_flush
FNDA:20,LineSplitter
FNDA:275,_transform
FNDA:18,_flush
FNF:3
FNH:3
BRDA:1,0,0,2
BRDA:8,1,0,20
BRDA:18,2,0,16
BRDA:23,3,0,0
BRDA:27,4,0,275
BRDA:31,5,0,18
BRDA:33,6,0,4
BRF:7
BRH:6
DA:1,2
DA:2,2
DA:3,2
DA:4,2
DA:5,2
DA:6,2
DA:7,2
DA:8,2
DA:9,20
DA:10,20
DA:11,20
DA:12,20
DA:13,20
DA:14,20
DA:15,20
DA:16,20
DA:17,2
DA:18,2
DA:19,16
DA:20,16
DA:21,16
DA:22,16
DA:23,16
DA:24,16
DA:25,16
DA:26,16
DA:27,16
DA:28,16
DA:29,16
DA:30,2
DA:31,2
DA:32,18
DA:33,18
DA:34,18
DA:35,18
DA:36,18
DA:37,2
DA:38,2
DA:39,2
LH:39
LF:39
end_of_record
SF:lib/logger.js
FN:3,debug
FN:8,info
FN:13,error
FNDA:84,debug
FNDA:84,info
FNDA:7,error
FNF:3
FNH:3
BRDA:1,0,0,3
BRDA:3,1,0,84
BRDA:8,2,0,84
BRDA:13,3,0,7
BRF:4
BRH:4
DA:1,3
DA:2,3
DA:3,3
DA:4,84
DA:5,84
DA:6,84
DA:7,3
DA:8,3
DA:9,84
DA:10,84
DA:11,84
DA:12,3
DA:13,3
DA:14,7
DA:15,7
DA:16,7
LH:16
LF:16
end_of_record
